c:\users\arantxa\documents\universidad\practicas tfg\tidex2019\tidex2019\x64\debug\vc141.pdb
c:\users\arantxa\documents\universidad\practicas tfg\tidex2019\tidex2019\x64\debug\newform.obj
c:\users\arantxa\documents\universidad\practicas tfg\tidex2019\tidex2019\x64\debug\myform.obj
c:\users\arantxa\documents\universidad\practicas tfg\tidex2019\tidex2019\x64\debug\helpform.obj
c:\users\arantxa\documents\universidad\practicas tfg\tidex2019\tidex2019\x64\debug\chartform.obj
c:\users\arantxa\documents\universidad\practicas tfg\tidex2019\tidex2019\x64\debug\.netframework,version=4.6.1.assemblyattributes.obj
c:\users\arantxa\documents\universidad\practicas tfg\tidex2019\tidex2019\x64\debug\.netframework,version=4.6.1.assemblyattributes.asm
c:\users\arantxa\documents\universidad\practicas tfg\tidex2019\x64\debug\tidex2019.exe
c:\users\arantxa\documents\universidad\practicas tfg\tidex2019\x64\debug\tidex2019.pdb
c:\users\arantxa\documents\universidad\practicas tfg\tidex2019\tidex2019\x64\debug\tidex2019.tlog\metagen.write.1.tlog
c:\users\arantxa\documents\universidad\practicas tfg\tidex2019\x64\debug\crystaldecisions.windows.forms.dll
c:\users\arantxa\documents\universidad\practicas tfg\tidex2019\x64\debug\cyotek.windows.forms.colorpicker.dll
c:\users\arantxa\documents\universidad\practicas tfg\tidex2019\x64\debug\kesoft.windows.forms.panels.dll
c:\users\arantxa\documents\universidad\practicas tfg\tidex2019\x64\debug\materialskin.dll
c:\users\arantxa\documents\universidad\practicas tfg\tidex2019\x64\debug\netchartdir.dll
c:\users\arantxa\documents\universidad\practicas tfg\tidex2019\x64\debug\netchartdir_cp.dll
c:\users\arantxa\documents\universidad\practicas tfg\tidex2019\x64\debug\simplify.windows.forms.dll
c:\users\arantxa\documents\universidad\practicas tfg\tidex2019\x64\debug\stdole.dll
c:\users\arantxa\documents\universidad\practicas tfg\tidex2019\x64\debug\system.data.cdata.box.dll
c:\users\arantxa\documents\universidad\practicas tfg\tidex2019\x64\debug\cyotek.windows.forms.colorpicker.xml
c:\users\arantxa\documents\universidad\practicas tfg\tidex2019\x64\debug\kesoft.windows.forms.panels.xml
c:\users\arantxa\documents\universidad\practicas tfg\tidex2019\x64\debug\netchartdir.xml
c:\users\arantxa\documents\universidad\practicas tfg\tidex2019\x64\debug\netchartdir_cp.xml
c:\users\arantxa\documents\universidad\practicas tfg\tidex2019\x64\debug\simplify.windows.forms.xml
c:\users\arantxa\documents\universidad\practicas tfg\tidex2019\tidex2019\x64\debug\tidex2019.chartform.resources
c:\users\arantxa\documents\universidad\practicas tfg\tidex2019\tidex2019\x64\debug\tidex2019.helpform.resources
c:\users\arantxa\documents\universidad\practicas tfg\tidex2019\tidex2019\x64\debug\tidex2019.myform.resources
c:\users\arantxa\documents\universidad\practicas tfg\tidex2019\tidex2019\x64\debug\tidex2019.newform.resources
c:\users\arantxa\documents\universidad\practicas tfg\tidex2019\tidex2019\x64\debug\tidex2019.vcxproj.generateresource.cache
c:\users\arantxa\documents\universidad\practicas tfg\tidex2019\tidex2019\x64\debug\tidex2019.vcxproj.resolvecomreference.cache
c:\users\arantxa\documents\universidad\practicas tfg\tidex2019\tidex2019\x64\debug\tidex2019.tlog\cl.command.1.tlog
c:\users\arantxa\documents\universidad\practicas tfg\tidex2019\tidex2019\x64\debug\tidex2019.tlog\cl.read.1.tlog
c:\users\arantxa\documents\universidad\practicas tfg\tidex2019\tidex2019\x64\debug\tidex2019.tlog\cl.write.1.tlog
c:\users\arantxa\documents\universidad\practicas tfg\tidex2019\tidex2019\x64\debug\tidex2019.tlog\link.command.1.tlog
c:\users\arantxa\documents\universidad\practicas tfg\tidex2019\tidex2019\x64\debug\tidex2019.tlog\link.read.1.tlog
c:\users\arantxa\documents\universidad\practicas tfg\tidex2019\tidex2019\x64\debug\tidex2019.tlog\link.write.1.tlog
c:\users\arantxa\documents\universidad\practicas tfg\tidex2019\tidex2019\x64\debug\tidex2019.tlog\metagen.read.1.tlog
c:\users\arantxa\documents\universidad\practicas tfg\tidex2019\tidex2019\x64\debug\tidex2019.tlog\tidex2019.write.1u.tlog
c:\users\arantxa\documents\universidad\practicas tfg\tidex2019\tidex2019\x64\debug\tidex2019.tlog\interop.vfprojextlib.19.0.dll.metagen
c:\users\arantxa\documents\universidad\practicas tfg\tidex2019\tidex2019\x64\debug\tidex2019.tlog\materialskin.dll.metagen
c:\users\arantxa\documents\universidad\practicas tfg\tidex2019\tidex2019\x64\debug\tidex2019.tlog\netchartdir.dll.metagen
c:\users\arantxa\documents\universidad\practicas tfg\tidex2019\tidex2019\x64\debug\tidex2019.tlog\netchartdir_cp.dll.metagen
c:\users\arantxa\documents\universidad\practicas tfg\tidex2019\tidex2019\x64\debug\tidex2019.tlog\simplify.windows.forms.dll.metagen
